mode: atomic
go.goms.io/fleet-networking/test/e2e/framework/cluster.go:32.72,37.52 2 0
go.goms.io/fleet-networking/test/e2e/framework/cluster.go:37.52,39.3 1 0
go.goms.io/fleet-networking/test/e2e/framework/cluster.go:40.2,40.21 1 0
go.goms.io/fleet-networking/test/e2e/framework/cluster.go:44.103,49.78 2 0
go.goms.io/fleet-networking/test/e2e/framework/cluster.go:49.78,51.3 1 0
go.goms.io/fleet-networking/test/e2e/framework/cluster.go:52.2,52.21 1 0
go.goms.io/fleet-networking/test/e2e/framework/cluster.go:56.33,58.2 1 0
go.goms.io/fleet-networking/test/e2e/framework/cluster.go:61.42,63.2 1 0
go.goms.io/fleet-networking/test/e2e/framework/cluster.go:66.56,68.2 1 0
go.goms.io/fleet-networking/test/e2e/framework/cluster.go:71.127,75.83 4 0
go.goms.io/fleet-networking/test/e2e/framework/cluster.go:75.83,77.3 1 0
go.goms.io/fleet-networking/test/e2e/framework/cluster.go:79.2,79.60 1 0
go.goms.io/fleet-networking/test/e2e/framework/cluster.go:79.60,81.3 1 0
go.goms.io/fleet-networking/test/e2e/framework/cluster.go:82.2,84.43 2 0
go.goms.io/fleet-networking/test/e2e/framework/cluster.go:84.43,86.3 1 0
go.goms.io/fleet-networking/test/e2e/framework/cluster.go:87.2,89.12 3 0
go.goms.io/fleet-networking/test/e2e/framework/cluster.go:92.45,94.16 2 0
go.goms.io/fleet-networking/test/e2e/framework/cluster.go:94.16,96.3 1 0
go.goms.io/fleet-networking/test/e2e/framework/cluster.go:97.2,98.16 2 0
go.goms.io/fleet-networking/test/e2e/framework/cluster.go:98.16,100.3 1 0
go.goms.io/fleet-networking/test/e2e/framework/cluster.go:101.2,102.12 2 0
go.goms.io/fleet-networking/test/e2e/framework/cluster.go:105.75,107.16 2 0
go.goms.io/fleet-networking/test/e2e/framework/cluster.go:107.16,109.3 1 0
go.goms.io/fleet-networking/test/e2e/framework/cluster.go:110.2,113.16 4 0
go.goms.io/fleet-networking/test/e2e/framework/cluster.go:113.16,115.3 1 0
go.goms.io/fleet-networking/test/e2e/framework/cluster.go:116.2,117.12 2 0
go.goms.io/fleet-networking/test/e2e/framework/cluster.go:120.62,122.16 2 0
go.goms.io/fleet-networking/test/e2e/framework/cluster.go:122.16,124.3 1 0
go.goms.io/fleet-networking/test/e2e/framework/cluster.go:126.2,127.16 2 0
go.goms.io/fleet-networking/test/e2e/framework/cluster.go:127.16,129.3 1 0
go.goms.io/fleet-networking/test/e2e/framework/cluster.go:130.2,130.24 1 0
go.goms.io/fleet-networking/test/e2e/framework/cluster.go:133.71,135.16 2 0
go.goms.io/fleet-networking/test/e2e/framework/cluster.go:135.16,137.3 1 0
go.goms.io/fleet-networking/test/e2e/framework/cluster.go:138.2,142.16 2 0
go.goms.io/fleet-networking/test/e2e/framework/cluster.go:145.40,148.30 3 0
go.goms.io/fleet-networking/test/e2e/framework/cluster.go:148.30,150.17 2 0
go.goms.io/fleet-networking/test/e2e/framework/cluster.go:150.17,152.4 1 0
go.goms.io/fleet-networking/test/e2e/framework/cluster.go:153.3,153.59 1 0
go.goms.io/fleet-networking/test/e2e/framework/cluster.go:155.2,155.51 1 0
go.goms.io/fleet-networking/test/e2e/framework/cluster.go:155.51,157.3 1 0
go.goms.io/fleet-networking/test/e2e/framework/cluster.go:158.2,158.28 1 0
go.goms.io/fleet-networking/test/e2e/framework/consts.go:35.73,35.117 1 0
go.goms.io/fleet-networking/test/e2e/framework/consts.go:41.73,41.117 1 0
go.goms.io/fleet-networking/test/e2e/framework/fleet.go:16.45,18.2 1 0
go.goms.io/fleet-networking/test/e2e/framework/fleet.go:21.45,23.2 1 0
go.goms.io/fleet-networking/test/e2e/framework/fleet.go:26.39,28.2 1 0
go.goms.io/fleet-networking/test/e2e/framework/fleet.go:31.39,33.2 1 0
go.goms.io/fleet-networking/test/e2e/framework/fleet.go:36.88,42.2 1 0
go.goms.io/fleet-networking/test/e2e/framework/objects.go:13.47,19.2 1 0
go.goms.io/fleet-networking/test/e2e/framework/objects.go:22.109,39.2 1 0
go.goms.io/fleet-networking/test/e2e/framework/objects.go:42.76,49.2 1 0
go.goms.io/fleet-networking/test/e2e/framework/objects.go:52.141,74.2 1 0
go.goms.io/fleet-networking/test/e2e/framework/objects.go:77.97,89.2 1 0
go.goms.io/fleet-networking/test/e2e/framework/prometheus.go:23.88,28.16 2 0
go.goms.io/fleet-networking/test/e2e/framework/prometheus.go:28.16,30.3 1 0
go.goms.io/fleet-networking/test/e2e/framework/prometheus.go:31.2,31.33 1 0
go.goms.io/fleet-networking/test/e2e/framework/prometheus.go:35.154,36.24 1 0
go.goms.io/fleet-networking/test/e2e/framework/prometheus.go:36.24,38.3 1 0
go.goms.io/fleet-networking/test/e2e/framework/prometheus.go:40.2,43.16 4 0
go.goms.io/fleet-networking/test/e2e/framework/prometheus.go:43.16,45.3 1 0
go.goms.io/fleet-networking/test/e2e/framework/prometheus.go:47.2,47.35 1 0
go.goms.io/fleet-networking/test/e2e/framework/prometheus.go:47.35,49.3 1 0
go.goms.io/fleet-networking/test/e2e/framework/prometheus.go:50.2,51.20 2 0
go.goms.io/fleet-networking/test/e2e/framework/prometheus.go:51.20,53.3 1 0
go.goms.io/fleet-networking/test/e2e/framework/prometheus.go:54.2,55.38 2 0
go.goms.io/fleet-networking/test/e2e/framework/workload_manager.go:38.56,99.2 7 0
go.goms.io/fleet-networking/test/e2e/framework/workload_manager.go:102.53,104.2 1 0
go.goms.io/fleet-networking/test/e2e/framework/workload_manager.go:107.75,114.2 1 0
go.goms.io/fleet-networking/test/e2e/framework/workload_manager.go:117.87,129.2 1 0
go.goms.io/fleet-networking/test/e2e/framework/workload_manager.go:132.78,136.2 3 0
go.goms.io/fleet-networking/test/e2e/framework/workload_manager.go:139.70,140.40 1 0
go.goms.io/fleet-networking/test/e2e/framework/workload_manager.go:140.40,146.56 2 0
go.goms.io/fleet-networking/test/e2e/framework/workload_manager.go:146.56,148.4 1 0
go.goms.io/fleet-networking/test/e2e/framework/workload_manager.go:151.2,151.46 1 0
go.goms.io/fleet-networking/test/e2e/framework/workload_manager.go:151.46,154.63 3 0
go.goms.io/fleet-networking/test/e2e/framework/workload_manager.go:154.63,156.4 1 0
go.goms.io/fleet-networking/test/e2e/framework/workload_manager.go:157.3,157.61 1 0
go.goms.io/fleet-networking/test/e2e/framework/workload_manager.go:157.61,159.4 1 0
go.goms.io/fleet-networking/test/e2e/framework/workload_manager.go:161.2,161.12 1 0
go.goms.io/fleet-networking/test/e2e/framework/workload_manager.go:165.70,166.46 1 0
go.goms.io/fleet-networking/test/e2e/framework/workload_manager.go:166.46,169.63 3 0
go.goms.io/fleet-networking/test/e2e/framework/workload_manager.go:169.63,171.4 1 0
go.goms.io/fleet-networking/test/e2e/framework/workload_manager.go:172.3,172.57 1 0
go.goms.io/fleet-networking/test/e2e/framework/workload_manager.go:172.57,174.4 1 0
go.goms.io/fleet-networking/test/e2e/framework/workload_manager.go:177.2,177.40 1 0
go.goms.io/fleet-networking/test/e2e/framework/workload_manager.go:177.40,183.56 2 0
go.goms.io/fleet-networking/test/e2e/framework/workload_manager.go:183.56,185.4 1 0
go.goms.io/fleet-networking/test/e2e/framework/workload_manager.go:187.2,187.12 1 0
go.goms.io/fleet-networking/test/e2e/framework/workload_manager.go:191.111,192.46 1 0
go.goms.io/fleet-networking/test/e2e/framework/workload_manager.go:192.46,198.63 4 0
go.goms.io/fleet-networking/test/e2e/framework/workload_manager.go:198.63,200.4 1 0
go.goms.io/fleet-networking/test/e2e/framework/workload_manager.go:203.3,203.62 1 0
go.goms.io/fleet-networking/test/e2e/framework/workload_manager.go:203.62,203.77 1 0
go.goms.io/fleet-networking/test/e2e/framework/workload_manager.go:203.92,204.73 1 0
go.goms.io/fleet-networking/test/e2e/framework/workload_manager.go:204.73,206.5 1 0
go.goms.io/fleet-networking/test/e2e/framework/workload_manager.go:207.4,220.42 3 0
go.goms.io/fleet-networking/test/e2e/framework/workload_manager.go:220.42,222.5 1 0
go.goms.io/fleet-networking/test/e2e/framework/workload_manager.go:223.4,223.14 1 0
go.goms.io/fleet-networking/test/e2e/framework/workload_manager.go:224.18,226.4 1 0
go.goms.io/fleet-networking/test/e2e/framework/workload_manager.go:228.2,228.12 1 0
go.goms.io/fleet-networking/test/e2e/framework/workload_manager.go:232.123,236.68 4 0
go.goms.io/fleet-networking/test/e2e/framework/workload_manager.go:236.68,238.3 1 0
go.goms.io/fleet-networking/test/e2e/framework/workload_manager.go:239.2,239.58 1 0
go.goms.io/fleet-networking/test/e2e/framework/workload_manager.go:239.58,239.73 1 0
go.goms.io/fleet-networking/test/e2e/framework/workload_manager.go:239.88,240.88 1 0
go.goms.io/fleet-networking/test/e2e/framework/workload_manager.go:240.88,242.4 1 0
go.goms.io/fleet-networking/test/e2e/framework/workload_manager.go:243.3,251.35 3 0
go.goms.io/fleet-networking/test/e2e/framework/workload_manager.go:251.35,253.4 1 0
go.goms.io/fleet-networking/test/e2e/framework/workload_manager.go:254.3,254.13 1 0
go.goms.io/fleet-networking/test/e2e/framework/workload_manager.go:259.123,262.95 3 0
go.goms.io/fleet-networking/test/e2e/framework/workload_manager.go:262.95,264.3 1 0
go.goms.io/fleet-networking/test/e2e/framework/workload_manager.go:265.2,265.58 1 0
go.goms.io/fleet-networking/test/e2e/framework/workload_manager.go:265.58,265.73 1 0
go.goms.io/fleet-networking/test/e2e/framework/workload_manager.go:265.88,267.115 2 0
go.goms.io/fleet-networking/test/e2e/framework/workload_manager.go:267.115,269.4 1 0
go.goms.io/fleet-networking/test/e2e/framework/workload_manager.go:270.3,270.13 1 0
go.goms.io/fleet-networking/test/e2e/framework/workload_manager.go:275.113,276.46 1 0
go.goms.io/fleet-networking/test/e2e/framework/workload_manager.go:276.46,278.87 2 0
go.goms.io/fleet-networking/test/e2e/framework/workload_manager.go:278.87,280.4 1 0
go.goms.io/fleet-networking/test/e2e/framework/workload_manager.go:281.3,281.62 1 0
go.goms.io/fleet-networking/test/e2e/framework/workload_manager.go:281.62,281.77 1 0
go.goms.io/fleet-networking/test/e2e/framework/workload_manager.go:281.92,283.108 2 0
go.goms.io/fleet-networking/test/e2e/framework/workload_manager.go:283.108,285.5 1 0
go.goms.io/fleet-networking/test/e2e/framework/workload_manager.go:286.4,286.14 1 0
go.goms.io/fleet-networking/test/e2e/framework/workload_manager.go:287.18,289.4 1 0
go.goms.io/fleet-networking/test/e2e/framework/workload_manager.go:291.2,291.12 1 0
go.goms.io/fleet-networking/test/e2e/framework/workload_manager.go:295.36,303.2 2 0
go.goms.io/fleet-networking/test/e2e/framework/workload_manager.go:307.24,311.2 3 0
go.goms.io/fleet-networking/test/e2e/framework/workload_manager.go:314.35,316.2 1 0
go.goms.io/fleet-networking/test/common/trafficmanager/validator/backend.go:28.86,30.4 1 0
go.goms.io/fleet-networking/test/common/trafficmanager/validator/backend.go:35.117,36.33 1 0
go.goms.io/fleet-networking/test/common/trafficmanager/validator/backend.go:36.33,38.59 2 0
go.goms.io/fleet-networking/test/common/trafficmanager/validator/backend.go:38.59,40.4 1 0
go.goms.io/fleet-networking/test/common/trafficmanager/validator/backend.go:41.3,41.92 1 0
go.goms.io/fleet-networking/test/common/trafficmanager/validator/backend.go:41.92,43.4 1 0
go.goms.io/fleet-networking/test/common/trafficmanager/validator/backend.go:44.3,44.13 1 0
go.goms.io/fleet-networking/test/common/trafficmanager/validator/backend.go:49.128,52.33 3 0
go.goms.io/fleet-networking/test/common/trafficmanager/validator/backend.go:52.33,53.58 1 0
go.goms.io/fleet-networking/test/common/trafficmanager/validator/backend.go:53.58,55.4 1 0
go.goms.io/fleet-networking/test/common/trafficmanager/validator/backend.go:56.3,56.83 1 0
go.goms.io/fleet-networking/test/common/trafficmanager/validator/backend.go:56.83,58.4 1 0
go.goms.io/fleet-networking/test/common/trafficmanager/validator/backend.go:59.3,59.13 1 0
go.goms.io/fleet-networking/test/common/trafficmanager/validator/backend.go:64.140,67.35 3 0
go.goms.io/fleet-networking/test/common/trafficmanager/validator/backend.go:67.35,68.58 1 0
go.goms.io/fleet-networking/test/common/trafficmanager/validator/backend.go:68.58,70.4 1 0
go.goms.io/fleet-networking/test/common/trafficmanager/validator/backend.go:71.3,71.83 1 0
go.goms.io/fleet-networking/test/common/trafficmanager/validator/backend.go:71.83,73.4 1 0
go.goms.io/fleet-networking/test/common/trafficmanager/validator/backend.go:74.3,74.13 1 0
go.goms.io/fleet-networking/test/common/trafficmanager/validator/backend.go:79.110,80.33 1 0
go.goms.io/fleet-networking/test/common/trafficmanager/validator/backend.go:80.33,82.72 2 0
go.goms.io/fleet-networking/test/common/trafficmanager/validator/backend.go:82.72,84.4 1 0
go.goms.io/fleet-networking/test/common/trafficmanager/validator/backend.go:85.3,85.13 1 0
go.goms.io/fleet-networking/test/common/trafficmanager/validator/backend.go:90.119,91.35 1 0
go.goms.io/fleet-networking/test/common/trafficmanager/validator/backend.go:91.35,93.71 2 0
go.goms.io/fleet-networking/test/common/trafficmanager/validator/backend.go:93.71,95.4 1 0
go.goms.io/fleet-networking/test/common/trafficmanager/validator/backend.go:96.3,96.13 1 0
go.goms.io/fleet-networking/test/common/trafficmanager/validator/profile.go:36.57,38.4 1 0
go.goms.io/fleet-networking/test/common/trafficmanager/validator/profile.go:47.128,50.33 3 0
go.goms.io/fleet-networking/test/common/trafficmanager/validator/profile.go:50.33,51.58 1 0
go.goms.io/fleet-networking/test/common/trafficmanager/validator/profile.go:51.58,53.4 1 0
go.goms.io/fleet-networking/test/common/trafficmanager/validator/profile.go:54.3,54.83 1 0
go.goms.io/fleet-networking/test/common/trafficmanager/validator/profile.go:54.83,56.4 1 0
go.goms.io/fleet-networking/test/common/trafficmanager/validator/profile.go:57.3,57.13 1 0
go.goms.io/fleet-networking/test/common/trafficmanager/validator/profile.go:62.110,63.33 1 0
go.goms.io/fleet-networking/test/common/trafficmanager/validator/profile.go:63.33,65.72 2 0
go.goms.io/fleet-networking/test/common/trafficmanager/validator/profile.go:65.72,67.4 1 0
go.goms.io/fleet-networking/test/common/trafficmanager/validator/profile.go:68.3,68.13 1 0
go.goms.io/fleet-networking/test/common/trafficmanager/fakeprovider/endpoint.go:29.92,40.16 3 0
go.goms.io/fleet-networking/test/common/trafficmanager/fakeprovider/endpoint.go:40.16,42.3 1 0
go.goms.io/fleet-networking/test/common/trafficmanager/fakeprovider/endpoint.go:43.2,43.48 1 0
go.goms.io/fleet-networking/test/common/trafficmanager/fakeprovider/endpoint.go:47.315,48.51 1 0
go.goms.io/fleet-networking/test/common/trafficmanager/fakeprovider/endpoint.go:48.51,51.3 2 0
go.goms.io/fleet-networking/test/common/trafficmanager/fakeprovider/endpoint.go:52.2,52.192 1 0
go.goms.io/fleet-networking/test/common/trafficmanager/fakeprovider/endpoint.go:52.192,53.46 1 0
go.goms.io/fleet-networking/test/common/trafficmanager/fakeprovider/endpoint.go:53.46,56.4 2 0
go.goms.io/fleet-networking/test/common/trafficmanager/fakeprovider/endpoint.go:56.9,56.54 1 0
go.goms.io/fleet-networking/test/common/trafficmanager/fakeprovider/endpoint.go:56.54,59.4 2 0
go.goms.io/fleet-networking/test/common/trafficmanager/fakeprovider/endpoint.go:60.3,61.53 2 0
go.goms.io/fleet-networking/test/common/trafficmanager/fakeprovider/endpoint.go:62.8,63.67 1 0
go.goms.io/fleet-networking/test/common/trafficmanager/fakeprovider/endpoint.go:63.67,66.4 1 0
go.goms.io/fleet-networking/test/common/trafficmanager/fakeprovider/endpoint.go:66.9,68.4 1 0
go.goms.io/fleet-networking/test/common/trafficmanager/fakeprovider/endpoint.go:70.2,70.22 1 0
go.goms.io/fleet-networking/test/common/trafficmanager/fakeprovider/endpoint.go:73.369,74.51 1 0
go.goms.io/fleet-networking/test/common/trafficmanager/fakeprovider/endpoint.go:74.51,77.3 2 0
go.goms.io/fleet-networking/test/common/trafficmanager/fakeprovider/endpoint.go:78.2,78.192 1 0
go.goms.io/fleet-networking/test/common/trafficmanager/fakeprovider/endpoint.go:78.192,79.54 1 0
go.goms.io/fleet-networking/test/common/trafficmanager/fakeprovider/endpoint.go:79.54,82.4 2 0
go.goms.io/fleet-networking/test/common/trafficmanager/fakeprovider/endpoint.go:82.9,82.65 1 0
go.goms.io/fleet-networking/test/common/trafficmanager/fakeprovider/endpoint.go:82.65,85.4 2 0
go.goms.io/fleet-networking/test/common/trafficmanager/fakeprovider/endpoint.go:87.3,98.53 2 0
go.goms.io/fleet-networking/test/common/trafficmanager/fakeprovider/endpoint.go:99.8,100.67 1 0
go.goms.io/fleet-networking/test/common/trafficmanager/fakeprovider/endpoint.go:100.67,103.4 1 0
go.goms.io/fleet-networking/test/common/trafficmanager/fakeprovider/endpoint.go:103.9,105.4 1 0
go.goms.io/fleet-networking/test/common/trafficmanager/fakeprovider/endpoint.go:107.2,107.22 1 0
go.goms.io/fleet-networking/test/common/trafficmanager/fakeprovider/profile.go:59.89,71.16 3 0
go.goms.io/fleet-networking/test/common/trafficmanager/fakeprovider/profile.go:71.16,73.3 1 0
go.goms.io/fleet-networking/test/common/trafficmanager/fakeprovider/profile.go:74.2,74.47 1 0
go.goms.io/fleet-networking/test/common/trafficmanager/fakeprovider/profile.go:78.237,79.51 1 0
go.goms.io/fleet-networking/test/common/trafficmanager/fakeprovider/profile.go:79.51,82.3 2 0
go.goms.io/fleet-networking/test/common/trafficmanager/fakeprovider/profile.go:83.2,83.21 1 0
go.goms.io/fleet-networking/test/common/trafficmanager/fakeprovider/profile.go:84.97,113.51 3 0
go.goms.io/fleet-networking/test/common/trafficmanager/fakeprovider/profile.go:113.51,131.4 1 0
go.goms.io/fleet-networking/test/common/trafficmanager/fakeprovider/profile.go:131.9,131.69 1 0
go.goms.io/fleet-networking/test/common/trafficmanager/fakeprovider/profile.go:131.69,137.4 1 0
go.goms.io/fleet-networking/test/common/trafficmanager/fakeprovider/profile.go:138.3,138.52 1 0
go.goms.io/fleet-networking/test/common/trafficmanager/fakeprovider/profile.go:139.41,145.52 2 0
go.goms.io/fleet-networking/test/common/trafficmanager/fakeprovider/profile.go:146.33,147.77 1 0
go.goms.io/fleet-networking/test/common/trafficmanager/fakeprovider/profile.go:148.10,149.65 1 0
go.goms.io/fleet-networking/test/common/trafficmanager/fakeprovider/profile.go:151.2,151.22 1 0
go.goms.io/fleet-networking/test/common/trafficmanager/fakeprovider/profile.go:155.308,156.51 1 0
go.goms.io/fleet-networking/test/common/trafficmanager/fakeprovider/profile.go:156.51,159.3 2 0
go.goms.io/fleet-networking/test/common/trafficmanager/fakeprovider/profile.go:160.2,160.21 1 0
go.goms.io/fleet-networking/test/common/trafficmanager/fakeprovider/profile.go:161.30,162.60 1 0
go.goms.io/fleet-networking/test/common/trafficmanager/fakeprovider/profile.go:163.36,164.82 1 0
go.goms.io/fleet-networking/test/common/trafficmanager/fakeprovider/profile.go:165.31,166.73 1 0
go.goms.io/fleet-networking/test/common/trafficmanager/fakeprovider/profile.go:167.24,168.131 1 0
go.goms.io/fleet-networking/test/common/trafficmanager/fakeprovider/profile.go:168.131,169.128 1 0
go.goms.io/fleet-networking/test/common/trafficmanager/fakeprovider/profile.go:169.128,172.5 2 0
go.goms.io/fleet-networking/test/common/trafficmanager/fakeprovider/profile.go:174.3,191.52 2 0
go.goms.io/fleet-networking/test/common/trafficmanager/fakeprovider/profile.go:192.10,193.69 1 0
go.goms.io/fleet-networking/test/common/trafficmanager/fakeprovider/profile.go:195.2,195.22 1 0
go.goms.io/fleet-networking/test/common/trafficmanager/fakeprovider/profile.go:199.246,200.51 1 0
go.goms.io/fleet-networking/test/common/trafficmanager/fakeprovider/profile.go:200.51,203.3 2 0
go.goms.io/fleet-networking/test/common/trafficmanager/fakeprovider/profile.go:204.2,204.21 1 0
go.goms.io/fleet-networking/test/common/trafficmanager/fakeprovider/profile.go:205.24,207.52 2 0
go.goms.io/fleet-networking/test/common/trafficmanager/fakeprovider/profile.go:208.10,209.60 1 0
go.goms.io/fleet-networking/test/common/trafficmanager/fakeprovider/profile.go:211.2,211.22 1 0
go.goms.io/fleet-networking/test/e2e/framework/cluster.go:32.72,37.52 2 1
go.goms.io/fleet-networking/test/e2e/framework/cluster.go:37.52,39.3 1 1
go.goms.io/fleet-networking/test/e2e/framework/cluster.go:40.2,40.21 1 0
go.goms.io/fleet-networking/test/e2e/framework/cluster.go:44.103,49.78 2 0
go.goms.io/fleet-networking/test/e2e/framework/cluster.go:49.78,51.3 1 0
go.goms.io/fleet-networking/test/e2e/framework/cluster.go:52.2,52.21 1 0
go.goms.io/fleet-networking/test/e2e/framework/cluster.go:56.33,58.2 1 0
go.goms.io/fleet-networking/test/e2e/framework/cluster.go:61.42,63.2 1 0
go.goms.io/fleet-networking/test/e2e/framework/cluster.go:66.56,68.2 1 0
go.goms.io/fleet-networking/test/e2e/framework/cluster.go:71.127,75.83 4 0
go.goms.io/fleet-networking/test/e2e/framework/cluster.go:75.83,77.3 1 0
go.goms.io/fleet-networking/test/e2e/framework/cluster.go:79.2,79.60 1 0
go.goms.io/fleet-networking/test/e2e/framework/cluster.go:79.60,81.3 1 0
go.goms.io/fleet-networking/test/e2e/framework/cluster.go:82.2,84.43 2 0
go.goms.io/fleet-networking/test/e2e/framework/cluster.go:84.43,86.3 1 0
go.goms.io/fleet-networking/test/e2e/framework/cluster.go:87.2,89.12 3 0
go.goms.io/fleet-networking/test/e2e/framework/cluster.go:92.45,94.16 2 1
go.goms.io/fleet-networking/test/e2e/framework/cluster.go:94.16,96.3 1 1
go.goms.io/fleet-networking/test/e2e/framework/cluster.go:97.2,98.16 2 0
go.goms.io/fleet-networking/test/e2e/framework/cluster.go:98.16,100.3 1 0
go.goms.io/fleet-networking/test/e2e/framework/cluster.go:101.2,102.12 2 0
go.goms.io/fleet-networking/test/e2e/framework/cluster.go:105.75,107.16 2 0
go.goms.io/fleet-networking/test/e2e/framework/cluster.go:107.16,109.3 1 0
go.goms.io/fleet-networking/test/e2e/framework/cluster.go:110.2,113.16 4 0
go.goms.io/fleet-networking/test/e2e/framework/cluster.go:113.16,115.3 1 0
go.goms.io/fleet-networking/test/e2e/framework/cluster.go:116.2,117.12 2 0
go.goms.io/fleet-networking/test/e2e/framework/cluster.go:120.62,122.16 2 1
go.goms.io/fleet-networking/test/e2e/framework/cluster.go:122.16,124.3 1 0
go.goms.io/fleet-networking/test/e2e/framework/cluster.go:126.2,127.16 2 1
go.goms.io/fleet-networking/test/e2e/framework/cluster.go:127.16,129.3 1 1
go.goms.io/fleet-networking/test/e2e/framework/cluster.go:130.2,130.24 1 0
go.goms.io/fleet-networking/test/e2e/framework/cluster.go:133.71,135.16 2 1
go.goms.io/fleet-networking/test/e2e/framework/cluster.go:135.16,137.3 1 0
go.goms.io/fleet-networking/test/e2e/framework/cluster.go:138.2,142.16 2 1
go.goms.io/fleet-networking/test/e2e/framework/cluster.go:145.40,148.30 3 1
go.goms.io/fleet-networking/test/e2e/framework/cluster.go:148.30,150.17 2 1
go.goms.io/fleet-networking/test/e2e/framework/cluster.go:150.17,152.4 1 0
go.goms.io/fleet-networking/test/e2e/framework/cluster.go:153.3,153.59 1 1
go.goms.io/fleet-networking/test/e2e/framework/cluster.go:155.2,155.51 1 1
go.goms.io/fleet-networking/test/e2e/framework/cluster.go:155.51,157.3 1 0
go.goms.io/fleet-networking/test/e2e/framework/cluster.go:158.2,158.28 1 1
go.goms.io/fleet-networking/test/e2e/framework/consts.go:35.73,35.117 1 0
go.goms.io/fleet-networking/test/e2e/framework/consts.go:41.73,41.117 1 0
go.goms.io/fleet-networking/test/e2e/framework/fleet.go:16.45,18.2 1 0
go.goms.io/fleet-networking/test/e2e/framework/fleet.go:21.45,23.2 1 0
go.goms.io/fleet-networking/test/e2e/framework/fleet.go:26.39,28.2 1 0
go.goms.io/fleet-networking/test/e2e/framework/fleet.go:31.39,33.2 1 0
go.goms.io/fleet-networking/test/e2e/framework/fleet.go:36.88,42.2 1 0
go.goms.io/fleet-networking/test/e2e/framework/objects.go:13.47,19.2 1 80
go.goms.io/fleet-networking/test/e2e/framework/objects.go:22.109,39.2 1 80
go.goms.io/fleet-networking/test/e2e/framework/objects.go:42.76,49.2 1 0
go.goms.io/fleet-networking/test/e2e/framework/objects.go:52.141,74.2 1 80
go.goms.io/fleet-networking/test/e2e/framework/objects.go:77.97,89.2 1 80
go.goms.io/fleet-networking/test/e2e/framework/prometheus.go:23.88,28.16 2 0
go.goms.io/fleet-networking/test/e2e/framework/prometheus.go:28.16,30.3 1 0
go.goms.io/fleet-networking/test/e2e/framework/prometheus.go:31.2,31.33 1 0
go.goms.io/fleet-networking/test/e2e/framework/prometheus.go:35.154,36.24 1 0
go.goms.io/fleet-networking/test/e2e/framework/prometheus.go:36.24,38.3 1 0
go.goms.io/fleet-networking/test/e2e/framework/prometheus.go:40.2,43.16 4 0
go.goms.io/fleet-networking/test/e2e/framework/prometheus.go:43.16,45.3 1 0
go.goms.io/fleet-networking/test/e2e/framework/prometheus.go:47.2,47.35 1 0
go.goms.io/fleet-networking/test/e2e/framework/prometheus.go:47.35,49.3 1 0
go.goms.io/fleet-networking/test/e2e/framework/prometheus.go:50.2,51.20 2 0
go.goms.io/fleet-networking/test/e2e/framework/prometheus.go:51.20,53.3 1 0
go.goms.io/fleet-networking/test/e2e/framework/prometheus.go:54.2,55.38 2 0
go.goms.io/fleet-networking/test/e2e/framework/workload_manager.go:38.56,99.2 7 0
go.goms.io/fleet-networking/test/e2e/framework/workload_manager.go:102.53,104.2 1 0
go.goms.io/fleet-networking/test/e2e/framework/workload_manager.go:107.75,114.2 1 0
go.goms.io/fleet-networking/test/e2e/framework/workload_manager.go:117.87,129.2 1 0
go.goms.io/fleet-networking/test/e2e/framework/workload_manager.go:132.78,136.2 3 0
go.goms.io/fleet-networking/test/e2e/framework/workload_manager.go:139.70,140.40 1 0
go.goms.io/fleet-networking/test/e2e/framework/workload_manager.go:140.40,146.56 2 0
go.goms.io/fleet-networking/test/e2e/framework/workload_manager.go:146.56,148.4 1 0
go.goms.io/fleet-networking/test/e2e/framework/workload_manager.go:151.2,151.46 1 0
go.goms.io/fleet-networking/test/e2e/framework/workload_manager.go:151.46,154.63 3 0
go.goms.io/fleet-networking/test/e2e/framework/workload_manager.go:154.63,156.4 1 0
go.goms.io/fleet-networking/test/e2e/framework/workload_manager.go:157.3,157.61 1 0
go.goms.io/fleet-networking/test/e2e/framework/workload_manager.go:157.61,159.4 1 0
go.goms.io/fleet-networking/test/e2e/framework/workload_manager.go:161.2,161.12 1 0
go.goms.io/fleet-networking/test/e2e/framework/workload_manager.go:165.70,166.46 1 0
go.goms.io/fleet-networking/test/e2e/framework/workload_manager.go:166.46,169.63 3 0
go.goms.io/fleet-networking/test/e2e/framework/workload_manager.go:169.63,171.4 1 0
go.goms.io/fleet-networking/test/e2e/framework/workload_manager.go:172.3,172.57 1 0
go.goms.io/fleet-networking/test/e2e/framework/workload_manager.go:172.57,174.4 1 0
go.goms.io/fleet-networking/test/e2e/framework/workload_manager.go:177.2,177.40 1 0
go.goms.io/fleet-networking/test/e2e/framework/workload_manager.go:177.40,183.56 2 0
go.goms.io/fleet-networking/test/e2e/framework/workload_manager.go:183.56,185.4 1 0
go.goms.io/fleet-networking/test/e2e/framework/workload_manager.go:187.2,187.12 1 0
go.goms.io/fleet-networking/test/e2e/framework/workload_manager.go:191.111,192.46 1 0
go.goms.io/fleet-networking/test/e2e/framework/workload_manager.go:192.46,198.63 4 0
go.goms.io/fleet-networking/test/e2e/framework/workload_manager.go:198.63,200.4 1 0
go.goms.io/fleet-networking/test/e2e/framework/workload_manager.go:203.3,203.62 1 0
go.goms.io/fleet-networking/test/e2e/framework/workload_manager.go:203.62,203.77 1 0
go.goms.io/fleet-networking/test/e2e/framework/workload_manager.go:203.92,204.73 1 0
go.goms.io/fleet-networking/test/e2e/framework/workload_manager.go:204.73,206.5 1 0
go.goms.io/fleet-networking/test/e2e/framework/workload_manager.go:207.4,220.42 3 0
go.goms.io/fleet-networking/test/e2e/framework/workload_manager.go:220.42,222.5 1 0
go.goms.io/fleet-networking/test/e2e/framework/workload_manager.go:223.4,223.14 1 0
go.goms.io/fleet-networking/test/e2e/framework/workload_manager.go:224.18,226.4 1 0
go.goms.io/fleet-networking/test/e2e/framework/workload_manager.go:228.2,228.12 1 0
go.goms.io/fleet-networking/test/e2e/framework/workload_manager.go:232.123,236.68 4 0
go.goms.io/fleet-networking/test/e2e/framework/workload_manager.go:236.68,238.3 1 0
go.goms.io/fleet-networking/test/e2e/framework/workload_manager.go:239.2,239.58 1 0
go.goms.io/fleet-networking/test/e2e/framework/workload_manager.go:239.58,239.73 1 0
go.goms.io/fleet-networking/test/e2e/framework/workload_manager.go:239.88,240.88 1 0
go.goms.io/fleet-networking/test/e2e/framework/workload_manager.go:240.88,242.4 1 0
go.goms.io/fleet-networking/test/e2e/framework/workload_manager.go:243.3,251.35 3 0
go.goms.io/fleet-networking/test/e2e/framework/workload_manager.go:251.35,253.4 1 0
go.goms.io/fleet-networking/test/e2e/framework/workload_manager.go:254.3,254.13 1 0
go.goms.io/fleet-networking/test/e2e/framework/workload_manager.go:259.123,262.95 3 0
go.goms.io/fleet-networking/test/e2e/framework/workload_manager.go:262.95,264.3 1 0
go.goms.io/fleet-networking/test/e2e/framework/workload_manager.go:265.2,265.58 1 0
go.goms.io/fleet-networking/test/e2e/framework/workload_manager.go:265.58,265.73 1 0
go.goms.io/fleet-networking/test/e2e/framework/workload_manager.go:265.88,267.115 2 0
go.goms.io/fleet-networking/test/e2e/framework/workload_manager.go:267.115,269.4 1 0
go.goms.io/fleet-networking/test/e2e/framework/workload_manager.go:270.3,270.13 1 0
go.goms.io/fleet-networking/test/e2e/framework/workload_manager.go:275.113,276.46 1 0
go.goms.io/fleet-networking/test/e2e/framework/workload_manager.go:276.46,278.87 2 0
go.goms.io/fleet-networking/test/e2e/framework/workload_manager.go:278.87,280.4 1 0
go.goms.io/fleet-networking/test/e2e/framework/workload_manager.go:281.3,281.62 1 0
go.goms.io/fleet-networking/test/e2e/framework/workload_manager.go:281.62,281.77 1 0
go.goms.io/fleet-networking/test/e2e/framework/workload_manager.go:281.92,283.108 2 0
go.goms.io/fleet-networking/test/e2e/framework/workload_manager.go:283.108,285.5 1 0
go.goms.io/fleet-networking/test/e2e/framework/workload_manager.go:286.4,286.14 1 0
go.goms.io/fleet-networking/test/e2e/framework/workload_manager.go:287.18,289.4 1 0
go.goms.io/fleet-networking/test/e2e/framework/workload_manager.go:291.2,291.12 1 0
go.goms.io/fleet-networking/test/e2e/framework/workload_manager.go:295.36,303.2 2 0
go.goms.io/fleet-networking/test/e2e/framework/workload_manager.go:307.24,311.2 3 0
go.goms.io/fleet-networking/test/e2e/framework/workload_manager.go:314.35,316.2 1 0
go.goms.io/fleet-networking/test/e2e/framework/cluster.go:32.72,37.52 2 1
go.goms.io/fleet-networking/test/e2e/framework/cluster.go:37.52,39.3 1 1
go.goms.io/fleet-networking/test/e2e/framework/cluster.go:40.2,40.21 1 0
go.goms.io/fleet-networking/test/e2e/framework/cluster.go:44.103,49.78 2 0
go.goms.io/fleet-networking/test/e2e/framework/cluster.go:49.78,51.3 1 0
go.goms.io/fleet-networking/test/e2e/framework/cluster.go:52.2,52.21 1 0
go.goms.io/fleet-networking/test/e2e/framework/cluster.go:56.33,58.2 1 0
go.goms.io/fleet-networking/test/e2e/framework/cluster.go:61.42,63.2 1 1
go.goms.io/fleet-networking/test/e2e/framework/cluster.go:66.56,68.2 1 0
go.goms.io/fleet-networking/test/e2e/framework/cluster.go:71.127,75.83 4 0
go.goms.io/fleet-networking/test/e2e/framework/cluster.go:75.83,77.3 1 0
go.goms.io/fleet-networking/test/e2e/framework/cluster.go:79.2,79.60 1 0
go.goms.io/fleet-networking/test/e2e/framework/cluster.go:79.60,81.3 1 0
go.goms.io/fleet-networking/test/e2e/framework/cluster.go:82.2,84.43 2 0
go.goms.io/fleet-networking/test/e2e/framework/cluster.go:84.43,86.3 1 0
go.goms.io/fleet-networking/test/e2e/framework/cluster.go:87.2,89.12 3 0
go.goms.io/fleet-networking/test/e2e/framework/cluster.go:92.45,94.16 2 1
go.goms.io/fleet-networking/test/e2e/framework/cluster.go:94.16,96.3 1 1
go.goms.io/fleet-networking/test/e2e/framework/cluster.go:97.2,98.16 2 0
go.goms.io/fleet-networking/test/e2e/framework/cluster.go:98.16,100.3 1 0
go.goms.io/fleet-networking/test/e2e/framework/cluster.go:101.2,102.12 2 0
go.goms.io/fleet-networking/test/e2e/framework/cluster.go:105.75,107.16 2 0
go.goms.io/fleet-networking/test/e2e/framework/cluster.go:107.16,109.3 1 0
go.goms.io/fleet-networking/test/e2e/framework/cluster.go:110.2,113.16 4 0
go.goms.io/fleet-networking/test/e2e/framework/cluster.go:113.16,115.3 1 0
go.goms.io/fleet-networking/test/e2e/framework/cluster.go:116.2,117.12 2 0
go.goms.io/fleet-networking/test/e2e/framework/cluster.go:120.62,122.16 2 1
go.goms.io/fleet-networking/test/e2e/framework/cluster.go:122.16,124.3 1 0
go.goms.io/fleet-networking/test/e2e/framework/cluster.go:126.2,127.16 2 1
go.goms.io/fleet-networking/test/e2e/framework/cluster.go:127.16,129.3 1 1
go.goms.io/fleet-networking/test/e2e/framework/cluster.go:130.2,130.24 1 0
go.goms.io/fleet-networking/test/e2e/framework/cluster.go:133.71,135.16 2 1
go.goms.io/fleet-networking/test/e2e/framework/cluster.go:135.16,137.3 1 0
go.goms.io/fleet-networking/test/e2e/framework/cluster.go:138.2,142.16 2 1
go.goms.io/fleet-networking/test/e2e/framework/cluster.go:145.40,148.30 3 1
go.goms.io/fleet-networking/test/e2e/framework/cluster.go:148.30,150.17 2 1
go.goms.io/fleet-networking/test/e2e/framework/cluster.go:150.17,152.4 1 0
go.goms.io/fleet-networking/test/e2e/framework/cluster.go:153.3,153.59 1 1
go.goms.io/fleet-networking/test/e2e/framework/cluster.go:155.2,155.51 1 1
go.goms.io/fleet-networking/test/e2e/framework/cluster.go:155.51,157.3 1 0
go.goms.io/fleet-networking/test/e2e/framework/cluster.go:158.2,158.28 1 1
go.goms.io/fleet-networking/test/e2e/framework/consts.go:35.73,35.117 1 0
go.goms.io/fleet-networking/test/e2e/framework/consts.go:41.73,41.117 1 0
go.goms.io/fleet-networking/test/e2e/framework/fleet.go:16.45,18.2 1 0
go.goms.io/fleet-networking/test/e2e/framework/fleet.go:21.45,23.2 1 0
go.goms.io/fleet-networking/test/e2e/framework/fleet.go:26.39,28.2 1 0
go.goms.io/fleet-networking/test/e2e/framework/fleet.go:31.39,33.2 1 0
go.goms.io/fleet-networking/test/e2e/framework/fleet.go:36.88,42.2 1 0
go.goms.io/fleet-networking/test/e2e/framework/objects.go:13.47,19.2 1 0
go.goms.io/fleet-networking/test/e2e/framework/objects.go:22.109,39.2 1 0
go.goms.io/fleet-networking/test/e2e/framework/objects.go:42.76,49.2 1 0
go.goms.io/fleet-networking/test/e2e/framework/objects.go:52.141,74.2 1 0
go.goms.io/fleet-networking/test/e2e/framework/objects.go:77.97,89.2 1 0
go.goms.io/fleet-networking/test/e2e/framework/prometheus.go:23.88,28.16 2 0
go.goms.io/fleet-networking/test/e2e/framework/prometheus.go:28.16,30.3 1 0
go.goms.io/fleet-networking/test/e2e/framework/prometheus.go:31.2,31.33 1 0
go.goms.io/fleet-networking/test/e2e/framework/prometheus.go:35.154,36.24 1 0
go.goms.io/fleet-networking/test/e2e/framework/prometheus.go:36.24,38.3 1 0
go.goms.io/fleet-networking/test/e2e/framework/prometheus.go:40.2,43.16 4 0
go.goms.io/fleet-networking/test/e2e/framework/prometheus.go:43.16,45.3 1 0
go.goms.io/fleet-networking/test/e2e/framework/prometheus.go:47.2,47.35 1 0
go.goms.io/fleet-networking/test/e2e/framework/prometheus.go:47.35,49.3 1 0
go.goms.io/fleet-networking/test/e2e/framework/prometheus.go:50.2,51.20 2 0
go.goms.io/fleet-networking/test/e2e/framework/prometheus.go:51.20,53.3 1 0
go.goms.io/fleet-networking/test/e2e/framework/prometheus.go:54.2,55.38 2 0
go.goms.io/fleet-networking/test/e2e/framework/workload_manager.go:38.56,99.2 7 0
go.goms.io/fleet-networking/test/e2e/framework/workload_manager.go:102.53,104.2 1 0
go.goms.io/fleet-networking/test/e2e/framework/workload_manager.go:107.75,114.2 1 0
go.goms.io/fleet-networking/test/e2e/framework/workload_manager.go:117.87,129.2 1 0
go.goms.io/fleet-networking/test/e2e/framework/workload_manager.go:132.78,136.2 3 0
go.goms.io/fleet-networking/test/e2e/framework/workload_manager.go:139.70,140.40 1 0
go.goms.io/fleet-networking/test/e2e/framework/workload_manager.go:140.40,146.56 2 0
go.goms.io/fleet-networking/test/e2e/framework/workload_manager.go:146.56,148.4 1 0
go.goms.io/fleet-networking/test/e2e/framework/workload_manager.go:151.2,151.46 1 0
go.goms.io/fleet-networking/test/e2e/framework/workload_manager.go:151.46,154.63 3 0
go.goms.io/fleet-networking/test/e2e/framework/workload_manager.go:154.63,156.4 1 0
go.goms.io/fleet-networking/test/e2e/framework/workload_manager.go:157.3,157.61 1 0
go.goms.io/fleet-networking/test/e2e/framework/workload_manager.go:157.61,159.4 1 0
go.goms.io/fleet-networking/test/e2e/framework/workload_manager.go:161.2,161.12 1 0
go.goms.io/fleet-networking/test/e2e/framework/workload_manager.go:165.70,166.46 1 0
go.goms.io/fleet-networking/test/e2e/framework/workload_manager.go:166.46,169.63 3 0
go.goms.io/fleet-networking/test/e2e/framework/workload_manager.go:169.63,171.4 1 0
go.goms.io/fleet-networking/test/e2e/framework/workload_manager.go:172.3,172.57 1 0
go.goms.io/fleet-networking/test/e2e/framework/workload_manager.go:172.57,174.4 1 0
go.goms.io/fleet-networking/test/e2e/framework/workload_manager.go:177.2,177.40 1 0
go.goms.io/fleet-networking/test/e2e/framework/workload_manager.go:177.40,183.56 2 0
go.goms.io/fleet-networking/test/e2e/framework/workload_manager.go:183.56,185.4 1 0
go.goms.io/fleet-networking/test/e2e/framework/workload_manager.go:187.2,187.12 1 0
go.goms.io/fleet-networking/test/e2e/framework/workload_manager.go:191.111,192.46 1 0
go.goms.io/fleet-networking/test/e2e/framework/workload_manager.go:192.46,198.63 4 0
go.goms.io/fleet-networking/test/e2e/framework/workload_manager.go:198.63,200.4 1 0
go.goms.io/fleet-networking/test/e2e/framework/workload_manager.go:203.3,203.62 1 0
go.goms.io/fleet-networking/test/e2e/framework/workload_manager.go:203.62,203.77 1 0
go.goms.io/fleet-networking/test/e2e/framework/workload_manager.go:203.92,204.73 1 0
go.goms.io/fleet-networking/test/e2e/framework/workload_manager.go:204.73,206.5 1 0
go.goms.io/fleet-networking/test/e2e/framework/workload_manager.go:207.4,220.42 3 0
go.goms.io/fleet-networking/test/e2e/framework/workload_manager.go:220.42,222.5 1 0
go.goms.io/fleet-networking/test/e2e/framework/workload_manager.go:223.4,223.14 1 0
go.goms.io/fleet-networking/test/e2e/framework/workload_manager.go:224.18,226.4 1 0
go.goms.io/fleet-networking/test/e2e/framework/workload_manager.go:228.2,228.12 1 0
go.goms.io/fleet-networking/test/e2e/framework/workload_manager.go:232.123,236.68 4 0
go.goms.io/fleet-networking/test/e2e/framework/workload_manager.go:236.68,238.3 1 0
go.goms.io/fleet-networking/test/e2e/framework/workload_manager.go:239.2,239.58 1 0
go.goms.io/fleet-networking/test/e2e/framework/workload_manager.go:239.58,239.73 1 0
go.goms.io/fleet-networking/test/e2e/framework/workload_manager.go:239.88,240.88 1 0
go.goms.io/fleet-networking/test/e2e/framework/workload_manager.go:240.88,242.4 1 0
go.goms.io/fleet-networking/test/e2e/framework/workload_manager.go:243.3,251.35 3 0
go.goms.io/fleet-networking/test/e2e/framework/workload_manager.go:251.35,253.4 1 0
go.goms.io/fleet-networking/test/e2e/framework/workload_manager.go:254.3,254.13 1 0
go.goms.io/fleet-networking/test/e2e/framework/workload_manager.go:259.123,262.95 3 0
go.goms.io/fleet-networking/test/e2e/framework/workload_manager.go:262.95,264.3 1 0
go.goms.io/fleet-networking/test/e2e/framework/workload_manager.go:265.2,265.58 1 0
go.goms.io/fleet-networking/test/e2e/framework/workload_manager.go:265.58,265.73 1 0
go.goms.io/fleet-networking/test/e2e/framework/workload_manager.go:265.88,267.115 2 0
go.goms.io/fleet-networking/test/e2e/framework/workload_manager.go:267.115,269.4 1 0
go.goms.io/fleet-networking/test/e2e/framework/workload_manager.go:270.3,270.13 1 0
go.goms.io/fleet-networking/test/e2e/framework/workload_manager.go:275.113,276.46 1 0
go.goms.io/fleet-networking/test/e2e/framework/workload_manager.go:276.46,278.87 2 0
go.goms.io/fleet-networking/test/e2e/framework/workload_manager.go:278.87,280.4 1 0
go.goms.io/fleet-networking/test/e2e/framework/workload_manager.go:281.3,281.62 1 0
go.goms.io/fleet-networking/test/e2e/framework/workload_manager.go:281.62,281.77 1 0
go.goms.io/fleet-networking/test/e2e/framework/workload_manager.go:281.92,283.108 2 0
go.goms.io/fleet-networking/test/e2e/framework/workload_manager.go:283.108,285.5 1 0
go.goms.io/fleet-networking/test/e2e/framework/workload_manager.go:286.4,286.14 1 0
go.goms.io/fleet-networking/test/e2e/framework/workload_manager.go:287.18,289.4 1 0
go.goms.io/fleet-networking/test/e2e/framework/workload_manager.go:291.2,291.12 1 0
go.goms.io/fleet-networking/test/e2e/framework/workload_manager.go:295.36,303.2 2 0
go.goms.io/fleet-networking/test/e2e/framework/workload_manager.go:307.24,311.2 3 0
go.goms.io/fleet-networking/test/e2e/framework/workload_manager.go:314.35,316.2 1 0
go.goms.io/fleet-networking/test/e2e/framework/cluster.go:32.72,37.52 2 0
go.goms.io/fleet-networking/test/e2e/framework/cluster.go:37.52,39.3 1 0
go.goms.io/fleet-networking/test/e2e/framework/cluster.go:40.2,40.21 1 0
go.goms.io/fleet-networking/test/e2e/framework/cluster.go:44.103,49.78 2 1
go.goms.io/fleet-networking/test/e2e/framework/cluster.go:49.78,51.3 1 1
go.goms.io/fleet-networking/test/e2e/framework/cluster.go:52.2,52.21 1 0
go.goms.io/fleet-networking/test/e2e/framework/cluster.go:56.33,58.2 1 0
go.goms.io/fleet-networking/test/e2e/framework/cluster.go:61.42,63.2 1 0
go.goms.io/fleet-networking/test/e2e/framework/cluster.go:66.56,68.2 1 0
go.goms.io/fleet-networking/test/e2e/framework/cluster.go:71.127,75.83 4 0
go.goms.io/fleet-networking/test/e2e/framework/cluster.go:75.83,77.3 1 0
go.goms.io/fleet-networking/test/e2e/framework/cluster.go:79.2,79.60 1 0
go.goms.io/fleet-networking/test/e2e/framework/cluster.go:79.60,81.3 1 0
go.goms.io/fleet-networking/test/e2e/framework/cluster.go:82.2,84.43 2 0
go.goms.io/fleet-networking/test/e2e/framework/cluster.go:84.43,86.3 1 0
go.goms.io/fleet-networking/test/e2e/framework/cluster.go:87.2,89.12 3 0
go.goms.io/fleet-networking/test/e2e/framework/cluster.go:92.45,94.16 2 0
go.goms.io/fleet-networking/test/e2e/framework/cluster.go:94.16,96.3 1 0
go.goms.io/fleet-networking/test/e2e/framework/cluster.go:97.2,98.16 2 0
go.goms.io/fleet-networking/test/e2e/framework/cluster.go:98.16,100.3 1 0
go.goms.io/fleet-networking/test/e2e/framework/cluster.go:101.2,102.12 2 0
go.goms.io/fleet-networking/test/e2e/framework/cluster.go:105.75,107.16 2 1
go.goms.io/fleet-networking/test/e2e/framework/cluster.go:107.16,109.3 1 1
go.goms.io/fleet-networking/test/e2e/framework/cluster.go:110.2,113.16 4 0
go.goms.io/fleet-networking/test/e2e/framework/cluster.go:113.16,115.3 1 0
go.goms.io/fleet-networking/test/e2e/framework/cluster.go:116.2,117.12 2 0
go.goms.io/fleet-networking/test/e2e/framework/cluster.go:120.62,122.16 2 1
go.goms.io/fleet-networking/test/e2e/framework/cluster.go:122.16,124.3 1 0
go.goms.io/fleet-networking/test/e2e/framework/cluster.go:126.2,127.16 2 1
go.goms.io/fleet-networking/test/e2e/framework/cluster.go:127.16,129.3 1 1
go.goms.io/fleet-networking/test/e2e/framework/cluster.go:130.2,130.24 1 0
go.goms.io/fleet-networking/test/e2e/framework/cluster.go:133.71,135.16 2 1
go.goms.io/fleet-networking/test/e2e/framework/cluster.go:135.16,137.3 1 0
go.goms.io/fleet-networking/test/e2e/framework/cluster.go:138.2,142.16 2 1
go.goms.io/fleet-networking/test/e2e/framework/cluster.go:145.40,148.30 3 1
go.goms.io/fleet-networking/test/e2e/framework/cluster.go:148.30,150.17 2 1
go.goms.io/fleet-networking/test/e2e/framework/cluster.go:150.17,152.4 1 0
go.goms.io/fleet-networking/test/e2e/framework/cluster.go:153.3,153.59 1 1
go.goms.io/fleet-networking/test/e2e/framework/cluster.go:155.2,155.51 1 1
go.goms.io/fleet-networking/test/e2e/framework/cluster.go:155.51,157.3 1 0
go.goms.io/fleet-networking/test/e2e/framework/cluster.go:158.2,158.28 1 1
go.goms.io/fleet-networking/test/e2e/framework/consts.go:35.73,35.117 1 0
go.goms.io/fleet-networking/test/e2e/framework/consts.go:41.73,41.117 1 0
go.goms.io/fleet-networking/test/e2e/framework/fleet.go:16.45,18.2 1 0
go.goms.io/fleet-networking/test/e2e/framework/fleet.go:21.45,23.2 1 0
go.goms.io/fleet-networking/test/e2e/framework/fleet.go:26.39,28.2 1 0
go.goms.io/fleet-networking/test/e2e/framework/fleet.go:31.39,33.2 1 0
go.goms.io/fleet-networking/test/e2e/framework/fleet.go:36.88,42.2 1 0
go.goms.io/fleet-networking/test/e2e/framework/objects.go:13.47,19.2 1 0
go.goms.io/fleet-networking/test/e2e/framework/objects.go:22.109,39.2 1 0
go.goms.io/fleet-networking/test/e2e/framework/objects.go:42.76,49.2 1 0
go.goms.io/fleet-networking/test/e2e/framework/objects.go:52.141,74.2 1 900
go.goms.io/fleet-networking/test/e2e/framework/objects.go:77.97,89.2 1 0
go.goms.io/fleet-networking/test/e2e/framework/prometheus.go:23.88,28.16 2 0
go.goms.io/fleet-networking/test/e2e/framework/prometheus.go:28.16,30.3 1 0
go.goms.io/fleet-networking/test/e2e/framework/prometheus.go:31.2,31.33 1 0
go.goms.io/fleet-networking/test/e2e/framework/prometheus.go:35.154,36.24 1 0
go.goms.io/fleet-networking/test/e2e/framework/prometheus.go:36.24,38.3 1 0
go.goms.io/fleet-networking/test/e2e/framework/prometheus.go:40.2,43.16 4 0
go.goms.io/fleet-networking/test/e2e/framework/prometheus.go:43.16,45.3 1 0
go.goms.io/fleet-networking/test/e2e/framework/prometheus.go:47.2,47.35 1 0
go.goms.io/fleet-networking/test/e2e/framework/prometheus.go:47.35,49.3 1 0
go.goms.io/fleet-networking/test/e2e/framework/prometheus.go:50.2,51.20 2 0
go.goms.io/fleet-networking/test/e2e/framework/prometheus.go:51.20,53.3 1 0
go.goms.io/fleet-networking/test/e2e/framework/prometheus.go:54.2,55.38 2 0
go.goms.io/fleet-networking/test/e2e/framework/workload_manager.go:38.56,99.2 7 0
go.goms.io/fleet-networking/test/e2e/framework/workload_manager.go:102.53,104.2 1 0
go.goms.io/fleet-networking/test/e2e/framework/workload_manager.go:107.75,114.2 1 0
go.goms.io/fleet-networking/test/e2e/framework/workload_manager.go:117.87,129.2 1 0
go.goms.io/fleet-networking/test/e2e/framework/workload_manager.go:132.78,136.2 3 0
go.goms.io/fleet-networking/test/e2e/framework/workload_manager.go:139.70,140.40 1 0
go.goms.io/fleet-networking/test/e2e/framework/workload_manager.go:140.40,146.56 2 0
go.goms.io/fleet-networking/test/e2e/framework/workload_manager.go:146.56,148.4 1 0
go.goms.io/fleet-networking/test/e2e/framework/workload_manager.go:151.2,151.46 1 0
go.goms.io/fleet-networking/test/e2e/framework/workload_manager.go:151.46,154.63 3 0
go.goms.io/fleet-networking/test/e2e/framework/workload_manager.go:154.63,156.4 1 0
go.goms.io/fleet-networking/test/e2e/framework/workload_manager.go:157.3,157.61 1 0
go.goms.io/fleet-networking/test/e2e/framework/workload_manager.go:157.61,159.4 1 0
go.goms.io/fleet-networking/test/e2e/framework/workload_manager.go:161.2,161.12 1 0
go.goms.io/fleet-networking/test/e2e/framework/workload_manager.go:165.70,166.46 1 0
go.goms.io/fleet-networking/test/e2e/framework/workload_manager.go:166.46,169.63 3 0
go.goms.io/fleet-networking/test/e2e/framework/workload_manager.go:169.63,171.4 1 0
go.goms.io/fleet-networking/test/e2e/framework/workload_manager.go:172.3,172.57 1 0
go.goms.io/fleet-networking/test/e2e/framework/workload_manager.go:172.57,174.4 1 0
go.goms.io/fleet-networking/test/e2e/framework/workload_manager.go:177.2,177.40 1 0
go.goms.io/fleet-networking/test/e2e/framework/workload_manager.go:177.40,183.56 2 0
go.goms.io/fleet-networking/test/e2e/framework/workload_manager.go:183.56,185.4 1 0
go.goms.io/fleet-networking/test/e2e/framework/workload_manager.go:187.2,187.12 1 0
go.goms.io/fleet-networking/test/e2e/framework/workload_manager.go:191.111,192.46 1 0
go.goms.io/fleet-networking/test/e2e/framework/workload_manager.go:192.46,198.63 4 0
go.goms.io/fleet-networking/test/e2e/framework/workload_manager.go:198.63,200.4 1 0
go.goms.io/fleet-networking/test/e2e/framework/workload_manager.go:203.3,203.62 1 0
go.goms.io/fleet-networking/test/e2e/framework/workload_manager.go:203.62,203.77 1 0
go.goms.io/fleet-networking/test/e2e/framework/workload_manager.go:203.92,204.73 1 0
go.goms.io/fleet-networking/test/e2e/framework/workload_manager.go:204.73,206.5 1 0
go.goms.io/fleet-networking/test/e2e/framework/workload_manager.go:207.4,220.42 3 0
go.goms.io/fleet-networking/test/e2e/framework/workload_manager.go:220.42,222.5 1 0
go.goms.io/fleet-networking/test/e2e/framework/workload_manager.go:223.4,223.14 1 0
go.goms.io/fleet-networking/test/e2e/framework/workload_manager.go:224.18,226.4 1 0
go.goms.io/fleet-networking/test/e2e/framework/workload_manager.go:228.2,228.12 1 0
go.goms.io/fleet-networking/test/e2e/framework/workload_manager.go:232.123,236.68 4 0
go.goms.io/fleet-networking/test/e2e/framework/workload_manager.go:236.68,238.3 1 0
go.goms.io/fleet-networking/test/e2e/framework/workload_manager.go:239.2,239.58 1 0
go.goms.io/fleet-networking/test/e2e/framework/workload_manager.go:239.58,239.73 1 0
go.goms.io/fleet-networking/test/e2e/framework/workload_manager.go:239.88,240.88 1 0
go.goms.io/fleet-networking/test/e2e/framework/workload_manager.go:240.88,242.4 1 0
go.goms.io/fleet-networking/test/e2e/framework/workload_manager.go:243.3,251.35 3 0
go.goms.io/fleet-networking/test/e2e/framework/workload_manager.go:251.35,253.4 1 0
go.goms.io/fleet-networking/test/e2e/framework/workload_manager.go:254.3,254.13 1 0
go.goms.io/fleet-networking/test/e2e/framework/workload_manager.go:259.123,262.95 3 0
go.goms.io/fleet-networking/test/e2e/framework/workload_manager.go:262.95,264.3 1 0
go.goms.io/fleet-networking/test/e2e/framework/workload_manager.go:265.2,265.58 1 0
go.goms.io/fleet-networking/test/e2e/framework/workload_manager.go:265.58,265.73 1 0
go.goms.io/fleet-networking/test/e2e/framework/workload_manager.go:265.88,267.115 2 0
go.goms.io/fleet-networking/test/e2e/framework/workload_manager.go:267.115,269.4 1 0
go.goms.io/fleet-networking/test/e2e/framework/workload_manager.go:270.3,270.13 1 0
go.goms.io/fleet-networking/test/e2e/framework/workload_manager.go:275.113,276.46 1 0
go.goms.io/fleet-networking/test/e2e/framework/workload_manager.go:276.46,278.87 2 0
go.goms.io/fleet-networking/test/e2e/framework/workload_manager.go:278.87,280.4 1 0
go.goms.io/fleet-networking/test/e2e/framework/workload_manager.go:281.3,281.62 1 0
go.goms.io/fleet-networking/test/e2e/framework/workload_manager.go:281.62,281.77 1 0
go.goms.io/fleet-networking/test/e2e/framework/workload_manager.go:281.92,283.108 2 0
go.goms.io/fleet-networking/test/e2e/framework/workload_manager.go:283.108,285.5 1 0
go.goms.io/fleet-networking/test/e2e/framework/workload_manager.go:286.4,286.14 1 0
go.goms.io/fleet-networking/test/e2e/framework/workload_manager.go:287.18,289.4 1 0
go.goms.io/fleet-networking/test/e2e/framework/workload_manager.go:291.2,291.12 1 0
go.goms.io/fleet-networking/test/e2e/framework/workload_manager.go:295.36,303.2 2 0
go.goms.io/fleet-networking/test/e2e/framework/workload_manager.go:307.24,311.2 3 0
go.goms.io/fleet-networking/test/e2e/framework/workload_manager.go:314.35,316.2 1 0
